This file contains any messages produced by compilers while
running configure, to aid debugging if configure makes a mistake.

It was created by configure, which was
generated by GNU Autoconf 2.59.  Invocation command line was

  $ ./configure 

## --------- ##
## Platform. ##
## --------- ##

hostname = iuri-ThinkPad-T440
uname -m = x86_64
uname -r = 3.13.0-91-generic
uname -s = Linux
uname -v = #138-Ubuntu SMP Fri Jun 24 17:00:34 UTC 2016

/usr/bin/uname -p = unknown
/bin/uname -X     = unknown

/bin/arch              = unknown
/usr/bin/arch -k       = unknown
/usr/convex/getsysinfo = unknown
hostinfo               = unknown
/bin/machine           = unknown
/usr/bin/oslevel       = unknown
/bin/universe          = unknown

PATH: /usr/local/sbin
PATH: /usr/local/bin
PATH: /usr/sbin
PATH: /usr/bin
PATH: /sbin
PATH: /bin
PATH: /usr/games
PATH: /usr/local/games
PATH: /usr/lib/jvm/java-7-oracle/bin
PATH: /usr/lib/jvm/java-7-oracle/db/bin
PATH: /usr/lib/jvm/java-7-oracle/jre/bin


## ----------- ##
## Core tests. ##
## ----------- ##

configure:1540: checking for a BSD-compatible install
configure:1595: result: /usr/bin/install -c
configure:1606: checking whether build environment is sane
configure:1649: result: yes
configure:1664: checking whether make sets $(MAKE)
configure:1684: result: yes
configure:1716: checking for working aclocal-1.4
configure:1727: result: missing
configure:1731: checking for working autoconf
configure:1742: result: missing
configure:1746: checking for working automake-1.4
configure:1757: result: missing
configure:1761: checking for working autoheader
configure:1772: result: missing
configure:1776: checking for working makeinfo
configure:1787: result: missing
configure:1851: checking for g++
configure:1867: found /usr/bin/g++
configure:1877: result: g++
configure:1893: checking for C++ compiler version
configure:1896: g++ --version </dev/null >&5
g++ (Ubuntu 4.8.5-2ubuntu1~14.04.1) 4.8.5
Copyright (C) 2015 Free Software Foundation, Inc.
This is free software; see the source for copying conditions.  There is NO
warranty; not even for MERCHANTABILITY or FITNESS FOR A PARTICULAR PURPOSE.

configure:1899: $? = 0
configure:1901: g++ -v </dev/null >&5
Using built-in specs.
COLLECT_GCC=g++
COLLECT_LTO_WRAPPER=/usr/lib/gcc/x86_64-linux-gnu/4.8/lto-wrapper
Target: x86_64-linux-gnu
Configured with: ../src/configure -v --with-pkgversion='Ubuntu 4.8.5-2ubuntu1~14.04.1' --with-bugurl=file:///usr/share/doc/gcc-4.8/README.Bugs --enable-languages=c,c++,java,go,d,fortran,objc,obj-c++ --prefix=/usr --program-suffix=-4.8 --enable-shared --enable-linker-build-id --libexecdir=/usr/lib --without-included-gettext --enable-threads=posix --with-gxx-include-dir=/usr/include/c++/4.8 --libdir=/usr/lib --enable-nls --with-sysroot=/ --enable-clocale=gnu --enable-libstdcxx-debug --enable-libstdcxx-time=yes --enable-gnu-unique-object --disable-libmudflap --enable-plugin --with-system-zlib --disable-browser-plugin --enable-java-awt=gtk --enable-gtk-cairo --with-java-home=/usr/lib/jvm/java-1.5.0-gcj-4.8-amd64/jre --enable-java-home --with-jvm-root-dir=/usr/lib/jvm/java-1.5.0-gcj-4.8-amd64 --with-jvm-jar-dir=/usr/lib/jvm-exports/java-1.5.0-gcj-4.8-amd64 --with-arch-directory=amd64 --with-ecj-jar=/usr/share/java/eclipse-ecj.jar --enable-objc-gc --enable-multiarch --disable-werror --with-arch-32=i686 --with-abi=m64 --with-multilib-list=m32,m64,mx32 --with-tune=generic --enable-checking=release --build=x86_64-linux-gnu --host=x86_64-linux-gnu --target=x86_64-linux-gnu
Thread model: posix
gcc version 4.8.5 (Ubuntu 4.8.5-2ubuntu1~14.04.1) 
configure:1904: $? = 0
configure:1906: g++ -V </dev/null >&5
g++: error: unrecognized command line option '-V'
g++: fatal error: no input files
compilation terminated.
configure:1909: $? = 4
configure:1932: checking for C++ compiler default output file name
configure:1935: g++    conftest.cc  >&5
configure:1938: $? = 0
configure:1984: result: a.out
configure:1989: checking whether the C++ compiler works
configure:1995: ./a.out
configure:1998: $? = 0
configure:2015: result: yes
configure:2022: checking whether we are cross compiling
configure:2024: result: no
configure:2027: checking for suffix of executables
configure:2029: g++ -o conftest    conftest.cc  >&5
configure:2032: $? = 0
configure:2057: result: 
configure:2063: checking for suffix of object files
configure:2084: g++ -c   conftest.cc >&5
configure:2087: $? = 0
configure:2109: result: o
configure:2113: checking whether we are using the GNU C++ compiler
configure:2137: g++ -c   conftest.cc >&5
configure:2143: $? = 0
configure:2146: test -z 			 || test ! -s conftest.err
configure:2149: $? = 0
configure:2152: test -s conftest.o
configure:2155: $? = 0
configure:2168: result: yes
configure:2174: checking whether g++ accepts -g
configure:2195: g++ -c -g  conftest.cc >&5
configure:2201: $? = 0
configure:2204: test -z 			 || test ! -s conftest.err
configure:2207: $? = 0
configure:2210: test -s conftest.o
configure:2213: $? = 0
configure:2224: result: yes
configure:2266: g++ -c -g -O2  conftest.cc >&5
configure:2272: $? = 0
configure:2275: test -z 			 || test ! -s conftest.err
configure:2278: $? = 0
configure:2281: test -s conftest.o
configure:2284: $? = 0
configure:2310: g++ -c -g -O2  conftest.cc >&5
conftest.cc: In function 'int main()':
conftest.cc:15:9: error: 'exit' was not declared in this scope
 exit (42);
         ^
configure:2316: $? = 1
configure: failed program was:
| /* confdefs.h.  */
| 
| #define PACKAGE_NAME ""
| #define PACKAGE_TARNAME ""
| #define PACKAGE_VERSION ""
| #define PACKAGE_STRING ""
| #define PACKAGE_BUGREPORT ""
| #define PACKAGE "tfg_1"
| #define VERSION "0.1"
| /* end confdefs.h.  */
| 
| int
| main ()
| {
| exit (42);
|   ;
|   return 0;
| }
configure:2266: g++ -c -g -O2  conftest.cc >&5
conftest.cc:11:40: error: 'void std::exit(int)' should have been declared inside 'std'
 extern "C" void std::exit (int) throw (); using std::exit;
                                        ^
configure:2272: $? = 1
configure: failed program was:
| /* confdefs.h.  */
| 
| #define PACKAGE_NAME ""
| #define PACKAGE_TARNAME ""
| #define PACKAGE_VERSION ""
| #define PACKAGE_STRING ""
| #define PACKAGE_BUGREPORT ""
| #define PACKAGE "tfg_1"
| #define VERSION "0.1"
| /* end confdefs.h.  */
| extern "C" void std::exit (int) throw (); using std::exit;
| #include <stdlib.h>
| int
| main ()
| {
| exit (42);
|   ;
|   return 0;
| }
configure:2266: g++ -c -g -O2  conftest.cc >&5
conftest.cc:11:31: error: 'void std::exit(int)' should have been declared inside 'std'
 extern "C" void std::exit (int); using std::exit;
                               ^
In file included from conftest.cc:12:0:
/usr/include/stdlib.h:543:70: error: declaration of 'void std::exit(int) throw ()' has a different exception specifier
 extern void exit (int __status) __THROW __attribute__ ((__noreturn__));
                                                                      ^
conftest.cc:11:17: error: from previous declaration 'void std::exit(int)'
 extern "C" void std::exit (int); using std::exit;
                 ^
configure:2272: $? = 1
configure: failed program was:
| /* confdefs.h.  */
| 
| #define PACKAGE_NAME ""
| #define PACKAGE_TARNAME ""
| #define PACKAGE_VERSION ""
| #define PACKAGE_STRING ""
| #define PACKAGE_BUGREPORT ""
| #define PACKAGE "tfg_1"
| #define VERSION "0.1"
| /* end confdefs.h.  */
| extern "C" void std::exit (int); using std::exit;
| #include <stdlib.h>
| int
| main ()
| {
| exit (42);
|   ;
|   return 0;
| }
configure:2266: g++ -c -g -O2  conftest.cc >&5
configure:2272: $? = 0
configure:2275: test -z 			 || test ! -s conftest.err
configure:2278: $? = 0
configure:2281: test -s conftest.o
configure:2284: $? = 0
configure:2310: g++ -c -g -O2  conftest.cc >&5
configure:2316: $? = 0
configure:2319: test -z 			 || test ! -s conftest.err
configure:2322: $? = 0
configure:2325: test -s conftest.o
configure:2328: $? = 0
configure:2429: checking build system type
configure:2447: result: x86_64-unknown-linux-gnu
configure:2455: checking host system type
configure:2469: result: x86_64-unknown-linux-gnu
configure:2523: checking for gcc
configure:2539: found /usr/bin/gcc
configure:2549: result: gcc
configure:2793: checking for C compiler version
configure:2796: gcc --version </dev/null >&5
gcc (Ubuntu 4.8.5-2ubuntu1~14.04.1) 4.8.5
Copyright (C) 2015 Free Software Foundation, Inc.
This is free software; see the source for copying conditions.  There is NO
warranty; not even for MERCHANTABILITY or FITNESS FOR A PARTICULAR PURPOSE.

configure:2799: $? = 0
configure:2801: gcc -v </dev/null >&5
Using built-in specs.
COLLECT_GCC=gcc
COLLECT_LTO_WRAPPER=/usr/lib/gcc/x86_64-linux-gnu/4.8/lto-wrapper
Target: x86_64-linux-gnu
Configured with: ../src/configure -v --with-pkgversion='Ubuntu 4.8.5-2ubuntu1~14.04.1' --with-bugurl=file:///usr/share/doc/gcc-4.8/README.Bugs --enable-languages=c,c++,java,go,d,fortran,objc,obj-c++ --prefix=/usr --program-suffix=-4.8 --enable-shared --enable-linker-build-id --libexecdir=/usr/lib --without-included-gettext --enable-threads=posix --with-gxx-include-dir=/usr/include/c++/4.8 --libdir=/usr/lib --enable-nls --with-sysroot=/ --enable-clocale=gnu --enable-libstdcxx-debug --enable-libstdcxx-time=yes --enable-gnu-unique-object --disable-libmudflap --enable-plugin --with-system-zlib --disable-browser-plugin --enable-java-awt=gtk --enable-gtk-cairo --with-java-home=/usr/lib/jvm/java-1.5.0-gcj-4.8-amd64/jre --enable-java-home --with-jvm-root-dir=/usr/lib/jvm/java-1.5.0-gcj-4.8-amd64 --with-jvm-jar-dir=/usr/lib/jvm-exports/java-1.5.0-gcj-4.8-amd64 --with-arch-directory=amd64 --with-ecj-jar=/usr/share/java/eclipse-ecj.jar --enable-objc-gc --enable-multiarch --disable-werror --with-arch-32=i686 --with-abi=m64 --with-multilib-list=m32,m64,mx32 --with-tune=generic --enable-checking=release --build=x86_64-linux-gnu --host=x86_64-linux-gnu --target=x86_64-linux-gnu
Thread model: posix
gcc version 4.8.5 (Ubuntu 4.8.5-2ubuntu1~14.04.1) 
configure:2804: $? = 0
configure:2806: gcc -V </dev/null >&5
gcc: error: unrecognized command line option '-V'
gcc: fatal error: no input files
compilation terminated.
configure:2809: $? = 4
configure:2812: checking whether we are using the GNU C compiler
configure:2836: gcc -c   conftest.c >&5
configure:2842: $? = 0
configure:2845: test -z 			 || test ! -s conftest.err
configure:2848: $? = 0
configure:2851: test -s conftest.o
configure:2854: $? = 0
configure:2867: result: yes
configure:2873: checking whether gcc accepts -g
configure:2894: gcc -c -g  conftest.c >&5
configure:2900: $? = 0
configure:2903: test -z 			 || test ! -s conftest.err
configure:2906: $? = 0
configure:2909: test -s conftest.o
configure:2912: $? = 0
configure:2923: result: yes
configure:2940: checking for gcc option to accept ANSI C
configure:3010: gcc  -c -g -O2  conftest.c >&5
configure:3016: $? = 0
configure:3019: test -z 			 || test ! -s conftest.err
configure:3022: $? = 0
configure:3025: test -s conftest.o
configure:3028: $? = 0
configure:3046: result: none needed
configure:3064: gcc -c -g -O2  conftest.c >&5
conftest.c:2:3: error: unknown type name 'choke'
   choke me
   ^
conftest.c:2:3: error: expected '=', ',', ';', 'asm' or '__attribute__' at end of input
configure:3070: $? = 1
configure: failed program was:
| #ifndef __cplusplus
|   choke me
| #endif
configure:3200: checking for a sed that does not truncate output
configure:3254: result: /bin/sed
configure:3257: checking for egrep
configure:3267: result: grep -E
configure:3283: checking for ld used by gcc
configure:3350: result: /usr/bin/ld
configure:3359: checking if the linker (/usr/bin/ld) is GNU ld
configure:3374: result: yes
configure:3379: checking for /usr/bin/ld option to reload object files
configure:3386: result: -r
configure:3404: checking for BSD-compatible nm
configure:3453: result: /usr/bin/nm -B
configure:3457: checking whether ln -s works
configure:3461: result: yes
configure:3468: checking how to recognise dependent libraries
configure:3644: result: pass_all
configure:3732: g++ -c -g -O2  conftest.cc >&5
configure:3735: $? = 0
configure:3880: checking how to run the C preprocessor
configure:3915: gcc -E  conftest.c
configure:3921: $? = 0
configure:3953: gcc -E  conftest.c
conftest.c:14:28: fatal error: ac_nonexistent.h: No such file or directory
 #include <ac_nonexistent.h>
                            ^
compilation terminated.
configure:3959: $? = 1
configure: failed program was:
| /* confdefs.h.  */
| 
| #define PACKAGE_NAME ""
| #define PACKAGE_TARNAME ""
| #define PACKAGE_VERSION ""
| #define PACKAGE_STRING ""
| #define PACKAGE_BUGREPORT ""
| #define PACKAGE "tfg_1"
| #define VERSION "0.1"
| #ifdef __cplusplus
| extern "C" void exit (int) throw ();
| #endif
| /* end confdefs.h.  */
| #include <ac_nonexistent.h>
configure:3998: result: gcc -E
configure:4022: gcc -E  conftest.c
configure:4028: $? = 0
configure:4060: gcc -E  conftest.c
conftest.c:14:28: fatal error: ac_nonexistent.h: No such file or directory
 #include <ac_nonexistent.h>
                            ^
compilation terminated.
configure:4066: $? = 1
configure: failed program was:
| /* confdefs.h.  */
| 
| #define PACKAGE_NAME ""
| #define PACKAGE_TARNAME ""
| #define PACKAGE_VERSION ""
| #define PACKAGE_STRING ""
| #define PACKAGE_BUGREPORT ""
| #define PACKAGE "tfg_1"
| #define VERSION "0.1"
| #ifdef __cplusplus
| extern "C" void exit (int) throw ();
| #endif
| /* end confdefs.h.  */
| #include <ac_nonexistent.h>
configure:4110: checking for ANSI C header files
configure:4135: gcc -c -g -O2  conftest.c >&5
configure:4141: $? = 0
configure:4144: test -z 			 || test ! -s conftest.err
configure:4147: $? = 0
configure:4150: test -s conftest.o
configure:4153: $? = 0
configure:4242: gcc -o conftest -g -O2   conftest.c  >&5
conftest.c: In function 'main':
conftest.c:31:7: warning: incompatible implicit declaration of built-in function 'exit' [enabled by default]
       exit(2);
       ^
configure:4245: $? = 0
configure:4247: ./conftest
configure:4250: $? = 0
configure:4265: result: yes
configure:4289: checking for sys/types.h
configure:4305: gcc -c -g -O2  conftest.c >&5
configure:4311: $? = 0
configure:4314: test -z 			 || test ! -s conftest.err
configure:4317: $? = 0
configure:4320: test -s conftest.o
configure:4323: $? = 0
configure:4334: result: yes
configure:4289: checking for sys/stat.h
configure:4305: gcc -c -g -O2  conftest.c >&5
configure:4311: $? = 0
configure:4314: test -z 			 || test ! -s conftest.err
configure:4317: $? = 0
configure:4320: test -s conftest.o
configure:4323: $? = 0
configure:4334: result: yes
configure:4289: checking for stdlib.h
configure:4305: gcc -c -g -O2  conftest.c >&5
configure:4311: $? = 0
configure:4314: test -z 			 || test ! -s conftest.err
configure:4317: $? = 0
configure:4320: test -s conftest.o
configure:4323: $? = 0
configure:4334: result: yes
configure:4289: checking for string.h
configure:4305: gcc -c -g -O2  conftest.c >&5
configure:4311: $? = 0
configure:4314: test -z 			 || test ! -s conftest.err
configure:4317: $? = 0
configure:4320: test -s conftest.o
configure:4323: $? = 0
configure:4334: result: yes
configure:4289: checking for memory.h
configure:4305: gcc -c -g -O2  conftest.c >&5
configure:4311: $? = 0
configure:4314: test -z 			 || test ! -s conftest.err
configure:4317: $? = 0
configure:4320: test -s conftest.o
configure:4323: $? = 0
configure:4334: result: yes
configure:4289: checking for strings.h
configure:4305: gcc -c -g -O2  conftest.c >&5
configure:4311: $? = 0
configure:4314: test -z 			 || test ! -s conftest.err
configure:4317: $? = 0
configure:4320: test -s conftest.o
configure:4323: $? = 0
configure:4334: result: yes
configure:4289: checking for inttypes.h
configure:4305: gcc -c -g -O2  conftest.c >&5
configure:4311: $? = 0
configure:4314: test -z 			 || test ! -s conftest.err
configure:4317: $? = 0
configure:4320: test -s conftest.o
configure:4323: $? = 0
configure:4334: result: yes
configure:4289: checking for stdint.h
configure:4305: gcc -c -g -O2  conftest.c >&5
configure:4311: $? = 0
configure:4314: test -z 			 || test ! -s conftest.err
configure:4317: $? = 0
configure:4320: test -s conftest.o
configure:4323: $? = 0
configure:4334: result: yes
configure:4289: checking for unistd.h
configure:4305: gcc -c -g -O2  conftest.c >&5
configure:4311: $? = 0
configure:4314: test -z 			 || test ! -s conftest.err
configure:4317: $? = 0
configure:4320: test -s conftest.o
configure:4323: $? = 0
configure:4334: result: yes
configure:4360: checking dlfcn.h usability
configure:4372: gcc -c -g -O2  conftest.c >&5
configure:4378: $? = 0
configure:4381: test -z 			 || test ! -s conftest.err
configure:4384: $? = 0
configure:4387: test -s conftest.o
configure:4390: $? = 0
configure:4400: result: yes
configure:4404: checking dlfcn.h presence
configure:4414: gcc -E  conftest.c
configure:4420: $? = 0
configure:4440: result: yes
configure:4475: checking for dlfcn.h
configure:4482: result: yes
configure:4505: checking how to run the C++ preprocessor
configure:4536: g++ -E  conftest.cc
configure:4542: $? = 0
configure:4574: g++ -E  conftest.cc
conftest.cc:25:28: fatal error: ac_nonexistent.h: No such file or directory
 #include <ac_nonexistent.h>
                            ^
compilation terminated.
configure:4580: $? = 1
configure: failed program was:
| /* confdefs.h.  */
| 
| #define PACKAGE_NAME ""
| #define PACKAGE_TARNAME ""
| #define PACKAGE_VERSION ""
| #define PACKAGE_STRING ""
| #define PACKAGE_BUGREPORT ""
| #define PACKAGE "tfg_1"
| #define VERSION "0.1"
| #ifdef __cplusplus
| extern "C" void exit (int) throw ();
| #endif
| #define STDC_HEADERS 1
| #define HAVE_SYS_TYPES_H 1
| #define HAVE_SYS_STAT_H 1
| #define HAVE_STDLIB_H 1
| #define HAVE_STRING_H 1
| #define HAVE_MEMORY_H 1
| #define HAVE_STRINGS_H 1
| #define HAVE_INTTYPES_H 1
| #define HAVE_STDINT_H 1
| #define HAVE_UNISTD_H 1
| #define HAVE_DLFCN_H 1
| /* end confdefs.h.  */
| #include <ac_nonexistent.h>
configure:4619: result: g++ -E
configure:4643: g++ -E  conftest.cc
configure:4649: $? = 0
configure:4681: g++ -E  conftest.cc
conftest.cc:25:28: fatal error: ac_nonexistent.h: No such file or directory
 #include <ac_nonexistent.h>
                            ^
compilation terminated.
configure:4687: $? = 1
configure: failed program was:
| /* confdefs.h.  */
| 
| #define PACKAGE_NAME ""
| #define PACKAGE_TARNAME ""
| #define PACKAGE_VERSION ""
| #define PACKAGE_STRING ""
| #define PACKAGE_BUGREPORT ""
| #define PACKAGE "tfg_1"
| #define VERSION "0.1"
| #ifdef __cplusplus
| extern "C" void exit (int) throw ();
| #endif
| #define STDC_HEADERS 1
| #define HAVE_SYS_TYPES_H 1
| #define HAVE_SYS_STAT_H 1
| #define HAVE_STDLIB_H 1
| #define HAVE_STRING_H 1
| #define HAVE_MEMORY_H 1
| #define HAVE_STRINGS_H 1
| #define HAVE_INTTYPES_H 1
| #define HAVE_STDINT_H 1
| #define HAVE_UNISTD_H 1
| #define HAVE_DLFCN_H 1
| /* end confdefs.h.  */
| #include <ac_nonexistent.h>
configure:4784: checking for g77
configure:4813: result: no
configure:4784: checking for f77
configure:4813: result: no
configure:4784: checking for xlf
configure:4813: result: no
configure:4784: checking for frt
configure:4813: result: no
configure:4784: checking for pgf77
configure:4813: result: no
configure:4784: checking for fort77
configure:4813: result: no
configure:4784: checking for fl32
configure:4813: result: no
configure:4784: checking for af77
configure:4813: result: no
configure:4784: checking for f90
configure:4813: result: no
configure:4784: checking for xlf90
configure:4813: result: no
configure:4784: checking for pgf90
configure:4813: result: no
configure:4784: checking for epcf90
configure:4813: result: no
configure:4784: checking for f95
configure:4813: result: no
configure:4784: checking for fort
configure:4813: result: no
configure:4784: checking for xlf95
configure:4813: result: no
configure:4784: checking for ifc
configure:4813: result: no
configure:4784: checking for efc
configure:4813: result: no
configure:4784: checking for pgf95
configure:4813: result: no
configure:4784: checking for lf95
configure:4813: result: no
configure:4784: checking for gfortran
configure:4813: result: no
configure:4825: checking for Fortran 77 compiler version
configure:4828:  --version </dev/null >&5
./configure: line 4829: --version: command not found
configure:4831: $? = 127
configure:4833:  -v </dev/null >&5
./configure: line 4834: -v: command not found
configure:4836: $? = 127
configure:4838:  -V </dev/null >&5
./configure: line 4839: -V: command not found
configure:4841: $? = 127
configure:4849: checking whether we are using the GNU Fortran 77 compiler
configure:4863:  -c  conftest.F >&5
./configure: line 4864: -c: command not found
configure:4869: $? = 127
configure: failed program was:
|       program main
| #ifndef __GNUC__
|        choke me
| #endif
| 
|       end
configure:4894: result: no
configure:4900: checking whether  accepts -g
configure:4912:  -c -g conftest.f >&5
./configure: line 4913: -c: command not found
configure:4918: $? = 127
configure: failed program was:
|       program main
| 
|       end
configure:4942: result: no
configure:4972: checking the maximum length of command line arguments
configure:5081: result: 32768
configure:5092: checking command to parse /usr/bin/nm -B output from gcc object
configure:5197: g++ -c -g -O2  conftest.cc >&5
configure:5200: $? = 0
configure:5204: /usr/bin/nm -B conftest.o \| sed -n -e 's/^.*[ 	]\([ABCDGIRSTW][ABCDGIRSTW]*\)[ 	][ 	]*\([_A-Za-z][_A-Za-z0-9]*\)$/\1 \2 \2/p' \> conftest.nm
configure:5207: $? = 0
configure:5259: g++ -o conftest -g -O2   conftest.cc conftstm.o >&5
configure:5262: $? = 0
configure:5300: result: ok
configure:5304: checking for objdir
configure:5319: result: .libs
configure:5409: checking for ar
configure:5425: found /usr/bin/ar
configure:5436: result: ar
configure:5489: checking for ranlib
configure:5505: found /usr/bin/ranlib
configure:5516: result: ranlib
configure:5569: checking for strip
configure:5585: found /usr/bin/strip
configure:5596: result: strip
configure:5868: checking if gcc supports -fno-rtti -fno-exceptions
configure:5886: gcc -c -g -O2  -fno-rtti -fno-exceptions conftest.c >&5
cc1: warning: command line option '-fno-rtti' is valid for C++/ObjC++ but not for C [enabled by default]
configure:5890: $? = 0
configure:5903: result: no
configure:5918: checking for gcc option to produce PIC
configure:6128: result: -fPIC
configure:6136: checking if gcc PIC flag -fPIC works
configure:6154: gcc -c -g -O2  -fPIC -DPIC conftest.c >&5
configure:6158: $? = 0
configure:6171: result: yes
configure:6199: checking if gcc static flag -static works
configure:6227: result: yes
configure:6237: checking if gcc supports -c -o file.o
configure:6258: gcc -c -g -O2  -o out/conftest2.o conftest.c >&5
configure:6262: $? = 0
configure:6284: result: yes
configure:6310: checking whether the gcc linker (/usr/bin/ld -m elf_x86_64) supports shared libraries
configure:7276: result: yes
configure:7297: checking whether -lc should be explicitly linked in
configure:7302: gcc -c -g -O2  conftest.c >&5
configure:7305: $? = 0
configure:7320: gcc -shared conftest.o  -v -Wl,-soname -Wl,conftest -o conftest 2\>\&1 \| grep  -lc  \>/dev/null 2\>\&1
configure:7323: $? = 0
configure:7335: result: no
configure:7343: checking dynamic linker characteristics
configure:7943: result: GNU/Linux ld.so
configure:7952: checking how to hardcode library paths into programs
configure:7977: result: immediate
configure:7991: checking whether stripping libraries is possible
configure:7996: result: yes
configure:8823: checking if libtool supports shared libraries
configure:8825: result: yes
configure:8828: checking whether to build shared libraries
configure:8849: result: yes
configure:8852: checking whether to build static libraries
configure:8856: result: yes
configure:8948: creating libtool
configure:9536: checking for ld used by g++
configure:9603: result: /usr/bin/ld -m elf_x86_64
configure:9612: checking if the linker (/usr/bin/ld -m elf_x86_64) is GNU ld
configure:9627: result: yes
configure:9678: checking whether the g++ linker (/usr/bin/ld -m elf_x86_64) supports shared libraries
configure:10614: result: yes
configure:10632: g++ -c -g -O2  conftest.cpp >&5
configure:10635: $? = 0
configure:10754: checking for g++ option to produce PIC
configure:11028: result: -fPIC
configure:11036: checking if g++ PIC flag -fPIC works
configure:11054: g++ -c -g -O2  -fPIC -DPIC conftest.cpp >&5
configure:11058: $? = 0
configure:11071: result: yes
configure:11099: checking if g++ static flag -static works
configure:11127: result: yes
configure:11137: checking if g++ supports -c -o file.o
configure:11158: g++ -c -g -O2  -o out/conftest2.o conftest.cpp >&5
configure:11162: $? = 0
configure:11184: result: yes
configure:11210: checking whether the g++ linker (/usr/bin/ld -m elf_x86_64) supports shared libraries
configure:11241: result: yes
configure:11308: checking dynamic linker characteristics
configure:11908: result: GNU/Linux ld.so
configure:11917: checking how to hardcode library paths into programs
configure:11942: result: immediate
configure:18136: checking for sdl-config
configure:18190: result: /usr/bin/sdl-config
configure:18318: creating ./config.status

## ---------------------- ##
## Running config.status. ##
## ---------------------- ##

This file was extended by config.status, which was
generated by GNU Autoconf 2.59.  Invocation command line was

  CONFIG_FILES    = 
  CONFIG_HEADERS  = 
  CONFIG_LINKS    = 
  CONFIG_COMMANDS = 
  $ ./config.status 

on iuri-ThinkPad-T440

config.status:736: creating Makefile
config.status:736: creating src/Makefile
config.status:802: creating config.h
config.status:912: config.h is unchanged
config.status:1070: executing default-1 commands

## ---------------- ##
## Cache variables. ##
## ---------------- ##

ac_cv_build=x86_64-unknown-linux-gnu
ac_cv_build_alias=x86_64-unknown-linux-gnu
ac_cv_c_compiler_gnu=yes
ac_cv_cxx_compiler_gnu=yes
ac_cv_env_CC_set=
ac_cv_env_CC_value=
ac_cv_env_CFLAGS_set=
ac_cv_env_CFLAGS_value=
ac_cv_env_CPPFLAGS_set=
ac_cv_env_CPPFLAGS_value=
ac_cv_env_CPP_set=
ac_cv_env_CPP_value=
ac_cv_env_CXXCPP_set=
ac_cv_env_CXXCPP_value=
ac_cv_env_CXXFLAGS_set=
ac_cv_env_CXXFLAGS_value=
ac_cv_env_CXX_set=
ac_cv_env_CXX_value=
ac_cv_env_F77_set=
ac_cv_env_F77_value=
ac_cv_env_FFLAGS_set=
ac_cv_env_FFLAGS_value=
ac_cv_env_LDFLAGS_set=
ac_cv_env_LDFLAGS_value=
ac_cv_env_build_alias_set=
ac_cv_env_build_alias_value=
ac_cv_env_host_alias_set=
ac_cv_env_host_alias_value=
ac_cv_env_target_alias_set=
ac_cv_env_target_alias_value=
ac_cv_exeext=
ac_cv_f77_compiler_gnu=no
ac_cv_header_dlfcn_h=yes
ac_cv_header_inttypes_h=yes
ac_cv_header_memory_h=yes
ac_cv_header_stdc=yes
ac_cv_header_stdint_h=yes
ac_cv_header_stdlib_h=yes
ac_cv_header_string_h=yes
ac_cv_header_strings_h=yes
ac_cv_header_sys_stat_h=yes
ac_cv_header_sys_types_h=yes
ac_cv_header_unistd_h=yes
ac_cv_host=x86_64-unknown-linux-gnu
ac_cv_host_alias=x86_64-unknown-linux-gnu
ac_cv_objext=o
ac_cv_path_install='/usr/bin/install -c'
ac_cv_prog_CPP='gcc -E'
ac_cv_prog_CXXCPP='g++ -E'
ac_cv_prog_ac_ct_AR=ar
ac_cv_prog_ac_ct_CC=gcc
ac_cv_prog_ac_ct_CXX=g++
ac_cv_prog_ac_ct_RANLIB=ranlib
ac_cv_prog_ac_ct_STRIP=strip
ac_cv_prog_cc_g=yes
ac_cv_prog_cc_stdc=
ac_cv_prog_cxx_g=yes
ac_cv_prog_egrep='grep -E'
ac_cv_prog_f77_g=no
ac_cv_prog_make_make_set=yes
kde_cv_path=/usr/bin/sdl-config
kde_cv_path_sdl_config=/usr/bin/sdl-config
lt_cv_deplibs_check_method=pass_all
lt_cv_file_magic_cmd='$MAGIC_CMD'
lt_cv_file_magic_test_file=
lt_cv_ld_reload_flag=-r
lt_cv_objdir=.libs
lt_cv_path_LD=/usr/bin/ld
lt_cv_path_LDCXX='/usr/bin/ld -m elf_x86_64'
lt_cv_path_NM='/usr/bin/nm -B'
lt_cv_path_SED=/bin/sed
lt_cv_prog_compiler_c_o=yes
lt_cv_prog_compiler_c_o_CXX=yes
lt_cv_prog_compiler_rtti_exceptions=no
lt_cv_prog_gnu_ld=yes
lt_cv_prog_gnu_ldcxx=yes
lt_cv_sys_global_symbol_pipe='sed -n -e '\''s/^.*[ 	]\([ABCDGIRSTW][ABCDGIRSTW]*\)[ 	][ 	]*\([_A-Za-z][_A-Za-z0-9]*\)$/\1 \2 \2/p'\'''
lt_cv_sys_global_symbol_to_c_name_address='sed -n -e '\''s/^: \([^ ]*\) $/  {\"\1\", (lt_ptr) 0},/p'\'' -e '\''s/^[BCDEGRST] \([^ ]*\) \([^ ]*\)$/  {"\2", (lt_ptr) \&\2},/p'\'''
lt_cv_sys_global_symbol_to_cdecl='sed -n -e '\''s/^. .* \(.*\)$/extern int \1;/p'\'''
lt_cv_sys_max_cmd_len=32768
lt_lt_cv_prog_compiler_c_o='"yes"'
lt_lt_cv_prog_compiler_c_o_CXX='"yes"'
lt_lt_cv_sys_global_symbol_pipe='"sed -n -e '\''s/^.*[ 	]\\([ABCDGIRSTW][ABCDGIRSTW]*\\)[ 	][ 	]*\\([_A-Za-z][_A-Za-z0-9]*\\)\$/\\1 \\2 \\2/p'\''"'
lt_lt_cv_sys_global_symbol_to_c_name_address='"sed -n -e '\''s/^: \\([^ ]*\\) \$/  {\\\"\\1\\\", (lt_ptr) 0},/p'\'' -e '\''s/^[BCDEGRST] \\([^ ]*\\) \\([^ ]*\\)\$/  {\"\\2\", (lt_ptr) \\&\\2},/p'\''"'
lt_lt_cv_sys_global_symbol_to_cdecl='"sed -n -e '\''s/^. .* \\(.*\\)\$/extern int \\1;/p'\''"'

## ----------------- ##
## Output variables. ##
## ----------------- ##

ACLOCAL='/home/ifiedoru/Downloads/tfg/missing aclocal-1.4'
AR='ar'
AUTOCONF='/home/ifiedoru/Downloads/tfg/missing autoconf'
AUTOHEADER='/home/ifiedoru/Downloads/tfg/missing autoheader'
AUTOMAKE='/home/ifiedoru/Downloads/tfg/missing automake-1.4'
CC='gcc'
CFLAGS='-g -O2'
CPP='gcc -E'
CPPFLAGS=''
CXX='g++'
CXXCPP='g++ -E'
CXXFLAGS='-g -O2'
DEFS='-DHAVE_CONFIG_H'
ECHO='echo'
ECHO_C=''
ECHO_N='-n'
ECHO_T=''
EGREP='grep -E'
EXEEXT=''
F77=''
FFLAGS=''
INSTALL_DATA='${INSTALL} -m 644'
INSTALL_PROGRAM='${INSTALL}'
INSTALL_SCRIPT='${INSTALL}'
LDFLAGS=''
LIBOBJS=''
LIBS=''
LIBSDL_CFLAGS='-I/usr/include/SDL -D_GNU_SOURCE=1 -D_REENTRANT'
LIBSDL_LIBS='-L/usr/lib/x86_64-linux-gnu -lSDL'
LIBSDL_RPATH='-R/usr/lib/x86_64-linux-gnu'
LIBTOOL='$(SHELL) $(top_builddir)/libtool'
LN_S='ln -s'
LTLIBOBJS=''
MAKEINFO='/home/ifiedoru/Downloads/tfg/missing makeinfo'
OBJEXT='o'
PACKAGE='tfg_1'
PACKAGE_BUGREPORT=''
PACKAGE_NAME=''
PACKAGE_STRING=''
PACKAGE_TARNAME=''
PACKAGE_VERSION=''
PATH_SEPARATOR=':'
RANLIB='ranlib'
SET_MAKE=''
SHELL='/bin/bash'
STRIP='strip'
VERSION='0.1'
ac_ct_AR='ar'
ac_ct_CC='gcc'
ac_ct_CXX='g++'
ac_ct_F77=''
ac_ct_RANLIB='ranlib'
ac_ct_STRIP='strip'
bindir='${exec_prefix}/bin'
build='x86_64-unknown-linux-gnu'
build_alias=''
build_cpu='x86_64'
build_os='linux-gnu'
build_vendor='unknown'
datadir='${prefix}/share'
exec_prefix='${prefix}'
host='x86_64-unknown-linux-gnu'
host_alias=''
host_cpu='x86_64'
host_os='linux-gnu'
host_vendor='unknown'
includedir='${prefix}/include'
infodir='${prefix}/info'
libdir='${exec_prefix}/lib'
libexecdir='${exec_prefix}/libexec'
localstatedir='${prefix}/var'
mandir='${prefix}/man'
oldincludedir='/usr/include'
prefix='/usr/local'
program_transform_name='s,x,x,'
sbindir='${exec_prefix}/sbin'
sharedstatedir='${prefix}/com'
sysconfdir='${prefix}/etc'
target_alias=''

## ----------- ##
## confdefs.h. ##
## ----------- ##

#define HAVE_DLFCN_H 1
#define HAVE_INTTYPES_H 1
#define HAVE_LIBSDL 1
#define HAVE_MEMORY_H 1
#define HAVE_STDINT_H 1
#define HAVE_STDLIB_H 1
#define HAVE_STRINGS_H 1
#define HAVE_STRING_H 1
#define HAVE_SYS_STAT_H 1
#define HAVE_SYS_TYPES_H 1
#define HAVE_UNISTD_H 1
#define PACKAGE "tfg_1"
#define PACKAGE_BUGREPORT ""
#define PACKAGE_NAME ""
#define PACKAGE_STRING ""
#define PACKAGE_TARNAME ""
#define PACKAGE_VERSION ""
#define STDC_HEADERS 1
#define VERSION "0.1"
#endif
#ifdef __cplusplus
extern "C" void exit (int) throw ();

configure: exit 0
